<?xml version="1.0" encoding="UTF-8"?>
<!-- Generated by org.testng.reporters.JUnitXMLReporter -->
<testsuite ignored="0" hostname="NANDHINI" failures="1" tests="3" name="Smoke Test" time="29.602" errors="0" timestamp="2026-06-25T12:56:57 IST">
  <testcase classname="package1.AmazonApplication.TC01_NewUserRegistration" name="registrationProcess" time="6.71"/>
  <testcase classname="package1.AmazonApplication.TC02_LoginToAmazon" name="withValidCredential" time="6.99"/>
  <testcase classname="package1.AmazonApplication.TC03_FailingLoginToAmazon" name="withInvalidCredential" time="0.032">
    <failure type="org.testng.internal.reflect.MethodMatcherException" message="
[public void package1.AmazonApplication.TC03_FailingLoginToAmazon.withInvalidCredential(java.lang.String)] has no parameters defined but was found to be using a data provider (either explicitly specified or inherited from class level annotation).
Data provider mismatch
Method: withInvalidCredential([java.lang.String arg0])
Arguments: [(java.lang.String) nandhini,(java.lang.String) Nandhiniram@123]">
      <![CDATA[org.testng.internal.reflect.MethodMatcherException: 
[public void package1.AmazonApplication.TC03_FailingLoginToAmazon.withInvalidCredential(java.lang.String)] has no parameters defined but was found to be using a data provider (either explicitly specified or inherited from class level annotation).
Data provider mismatch
Method: withInvalidCredential([java.lang.String arg0])
Arguments: [(java.lang.String) nandhini,(java.lang.String) Nandhiniram@123]
at java.base/java.util.ArrayList.forEach(ArrayList.java:1596)
... Removed 26 stack frames]]>
    </failure>
  </testcase> <!-- withInvalidCredential -->
</testsuite> <!-- Smoke Test -->
