<?xml version="1.0" encoding="UTF-8"?>
<!-- Generated by org.testng.reporters.JUnitXMLReporter -->
<testsuite ignored="0" hostname="NANDHINI" failures="0" tests="4" name="Testing on Edge" time="63.19" errors="0" timestamp="2026-06-09T19:32:04 IST">
  <testcase classname="package1.AmazonApplication.TC01_LoginToAmazon" name="withValidCredential" time="12.044">
    <skipped/>
  </testcase> <!-- withValidCredential -->
  <testcase classname="package1.AmazonApplication.TC01_LoginToAmazon" name="withValidCredential" time="2.548">
    <skipped/>
  </testcase> <!-- withValidCredential -->
  <testcase classname="package1.AmazonApplication.TC01_LoginToAmazon" name="withValidCredential" time="8.2"/>
  <testcase classname="package1.AmazonApplication.TC02_LoginToAmazonAndLogout" name="withValidCredLogout" time="12.744"/>
</testsuite> <!-- Testing on Edge -->
