<?xml version="1.0" encoding="UTF-8"?>
<testng-results ignored="0" total="1" passed="1" failed="0" skipped="0">
  <reporter-output>
    <line>
      <![CDATA[Browser Launched Successfully]]>
    </line>
    <line>
      <![CDATA[Hoverover on Accounts and list is successful]]>
    </line>
    <line>
      <![CDATA[Click on signin is successful]]>
    </line>
    <line>
      <![CDATA[Username entered successfully]]>
    </line>
    <line>
      <![CDATA[Click on continue button is successful]]>
    </line>
    <line>
      <![CDATA[Password entered successfully]]>
    </line>
    <line>
      <![CDATA[Click on submit is successful]]>
    </line>
    <line>
      <![CDATA[Product search is successful]]>
    </line>
    <line>
      <![CDATA[Click on add to cart is successful]]>
    </line>
    <line>
      <![CDATA[Click on go to cart is successful]]>
    </line>
    <line>
      <![CDATA[Click on Proceed to buy is successful]]>
    </line>
  </reporter-output>
  <suite started-at="2026-06-24T12:36:34 IST" name="Testing Smoke Scenarios" finished-at="2026-06-24T12:37:06 IST" duration-ms="32204">
    <groups>
    </groups>
    <test started-at="2026-06-24T12:36:34 IST" name="Smoke Test" finished-at="2026-06-24T12:37:06 IST" duration-ms="32204">
      <class name="package1.AmazonApplication.TC12_ValidateSelectingPaymentOptions">
        <test-method is-config="true" signature="browserLaunch(java.lang.String)[pri:0, instance:package1.AmazonApplication.TC12_ValidateSelectingPaymentOptions@498d318c]" started-at="2026-06-24T12:36:34 IST" name="browserLaunch" finished-at="2026-06-24T12:36:36 IST" duration-ms="2152" status="PASS">
          <params>
            <param index="0">
              <value>
                <![CDATA[chrome]]>
              </value>
            </param>
          </params>
          <reporter-output>
          </reporter-output>
        </test-method> <!-- browserLaunch -->
        <test-method signature="selectingPaymentOptions()[pri:0, instance:package1.AmazonApplication.TC12_ValidateSelectingPaymentOptions@498d318c]" started-at="2026-06-24T12:36:36 IST" name="selectingPaymentOptions" finished-at="2026-06-24T12:37:02 IST" duration-ms="26498" status="PASS">
          <reporter-output>
            <line>
              <![CDATA[Browser Launched Successfully]]>
            </line>
            <line>
              <![CDATA[Hoverover on Accounts and list is successful]]>
            </line>
            <line>
              <![CDATA[Click on signin is successful]]>
            </line>
            <line>
              <![CDATA[Username entered successfully]]>
            </line>
            <line>
              <![CDATA[Click on continue button is successful]]>
            </line>
            <line>
              <![CDATA[Password entered successfully]]>
            </line>
            <line>
              <![CDATA[Click on submit is successful]]>
            </line>
            <line>
              <![CDATA[Product search is successful]]>
            </line>
            <line>
              <![CDATA[Click on add to cart is successful]]>
            </line>
            <line>
              <![CDATA[Click on go to cart is successful]]>
            </line>
            <line>
              <![CDATA[Click on Proceed to buy is successful]]>
            </line>
          </reporter-output>
        </test-method> <!-- selectingPaymentOptions -->
        <test-method is-config="true" signature="browserQuit()[pri:0, instance:package1.AmazonApplication.TC12_ValidateSelectingPaymentOptions@498d318c]" started-at="2026-06-24T12:37:02 IST" name="browserQuit" finished-at="2026-06-24T12:37:06 IST" duration-ms="3341" status="PASS">
          <reporter-output>
          </reporter-output>
        </test-method> <!-- browserQuit -->
      </class> <!-- package1.AmazonApplication.TC12_ValidateSelectingPaymentOptions -->
    </test> <!-- Smoke Test -->
  </suite> <!-- Testing Smoke Scenarios -->
</testng-results>
