<?xml version="1.0" encoding="UTF-8"?>
<testng-results ignored="0" total="1" passed="1" failed="0" skipped="0">
  <reporter-output>
    <line>
      <![CDATA[Browser and URL launched Successfully]]>
    </line>
    <line>
      <![CDATA[Hoverover on Accounts and Lists is successful]]>
    </line>
    <line>
      <![CDATA[Click on Start here is Successful]]>
    </line>
    <line>
      <![CDATA[Username is entered successfully]]>
    </line>
    <line>
      <![CDATA[Click on continue button is successful]]>
    </line>
    <line>
      <![CDATA[Password is entered Successfully]]>
    </line>
    <line>
      <![CDATA[Login is Successfully done]]>
    </line>
    <line>
      <![CDATA[Testcase is pass]]>
    </line>
  </reporter-output>
  <suite started-at="2026-06-25T11:43:34 IST" name="Default suite" finished-at="2026-06-25T11:43:49 IST" duration-ms="14377">
    <groups>
    </groups>
    <test started-at="2026-06-25T11:43:34 IST" name="Default test" finished-at="2026-06-25T11:43:49 IST" duration-ms="14377">
      <class name="package1.AmazonApplication.TC01_NewUserRegistration">
        <test-method is-config="true" signature="browserLaunch(java.lang.String)[pri:0, instance:package1.AmazonApplication.TC01_NewUserRegistration@75d4a5c2]" started-at="2026-06-25T11:43:35 IST" name="browserLaunch" finished-at="2026-06-25T11:43:37 IST" duration-ms="1739" status="PASS">
          <params>
            <param index="0">
              <value>
                <![CDATA[chrome]]>
              </value>
            </param>
          </params>
          <reporter-output>
          </reporter-output>
        </test-method> <!-- browserLaunch -->
        <test-method signature="registrationProcess(java.lang.String,java.lang.String)[pri:0, instance:package1.AmazonApplication.TC01_NewUserRegistration@75d4a5c2]" started-at="2026-06-25T11:43:37 IST" name="registrationProcess" data-provider="validLoginData" finished-at="2026-06-25T11:43:45 IST" duration-ms="8076" status="PASS">
          <params>
            <param index="0">
              <value>
                <![CDATA[anunandhini82@gmail.com]]>
              </value>
            </param>
            <param index="1">
              <value>
                <![CDATA[Nandhiniram@123]]>
              </value>
            </param>
          </params>
          <reporter-output>
            <line>
              <![CDATA[Browser and URL launched Successfully]]>
            </line>
            <line>
              <![CDATA[Hoverover on Accounts and Lists is successful]]>
            </line>
            <line>
              <![CDATA[Click on Start here is Successful]]>
            </line>
            <line>
              <![CDATA[Username is entered successfully]]>
            </line>
            <line>
              <![CDATA[Click on continue button is successful]]>
            </line>
            <line>
              <![CDATA[Password is entered Successfully]]>
            </line>
            <line>
              <![CDATA[Login is Successfully done]]>
            </line>
            <line>
              <![CDATA[Testcase is pass]]>
            </line>
          </reporter-output>
        </test-method> <!-- registrationProcess -->
        <test-method is-config="true" signature="browserQuit()[pri:0, instance:package1.AmazonApplication.TC01_NewUserRegistration@75d4a5c2]" started-at="2026-06-25T11:43:46 IST" name="browserQuit" finished-at="2026-06-25T11:43:49 IST" duration-ms="3300" status="PASS">
          <reporter-output>
          </reporter-output>
        </test-method> <!-- browserQuit -->
      </class> <!-- package1.AmazonApplication.TC01_NewUserRegistration -->
    </test> <!-- Default test -->
  </suite> <!-- Default suite -->
</testng-results>
