<?xml version="1.0" encoding="UTF-8"?>
<!-- Generated by org.testng.reporters.JUnitReportReporter -->
<testsuite hostname="NANDHINI" failures="0" tests="1" name="package1.AmazonApplication.TC01_NewUserRegistration" time="13.115" errors="0" timestamp="2026-06-25T11:43:49 IST" skipped="0">
  <testcase classname="package1.AmazonApplication.TC01_NewUserRegistration" name="registrationProcess" time="13.115">
    <system-out>
      <![CDATA[Browser and URL launched Successfully
Hoverover on Accounts and Lists is successful
Click on Start here is Successful
Username is entered successfully
Click on continue button is successful
Password is entered Successfully
Login is Successfully done
Testcase is pass]]>
    </system-out>
  </testcase> <!-- registrationProcess -->
  <system-out>
    <![CDATA[Browser and URL launched Successfully
Hoverover on Accounts and Lists is successful
Click on Start here is Successful
Username is entered successfully
Click on continue button is successful
Password is entered Successfully
Login is Successfully done
Testcase is pass]]>
  </system-out>
</testsuite> <!-- package1.AmazonApplication.TC01_NewUserRegistration -->
