<?xml version="1.0" encoding="UTF-8"?>
<!-- Generated by org.testng.reporters.JUnitReportReporter -->
<testsuite hostname="NANDHINI" failures="0" tests="3" name="package1.AmazonApplication.TC11_ValidatingCheckoutProcess" time="151.783" errors="1" timestamp="2026-06-24T12:11:37 IST" skipped="2">
  <testcase classname="package1.AmazonApplication.TC11_ValidatingCheckoutProcess" name="validateCheckoutProcess" time="44.855">
    <skipped/>
    <system-out>
      <![CDATA[Browser Launched Successfully
Hoverover on Accounts and list is successful
Click on signin is successful
Username entered successfully
Click on continue button is successful
Password entered successfully
Click on submit is successful
Product search is successful
Click on add to cart is successful
Click on go to cart is successful
Click on Proceed to buy is successful
Click on Change to change the address is successful
Click on deliver to this address is successful
Click on Payment option is successful
Click on use this Payment method is successful]]>
    </system-out>
  </testcase> <!-- validateCheckoutProcess -->
  <testcase classname="package1.AmazonApplication.TC11_ValidatingCheckoutProcess" name="validateCheckoutProcess" time="55.725">
    <skipped/>
    <system-out>
      <![CDATA[Browser Launched Successfully
Hoverover on Accounts and list is successful
Click on signin is successful
Username entered successfully
Click on continue button is successful
Password entered successfully
Click on submit is successful
Product search is successful
Click on add to cart is successful
Click on go to cart is successful
Click on Proceed to buy is successful]]>
    </system-out>
  </testcase> <!-- validateCheckoutProcess -->
  <testcase classname="package1.AmazonApplication.TC11_ValidatingCheckoutProcess" name="validateCheckoutProcess" time="51.203">
    <error message="Expected condition failed: waiting for element to be clickable, but the element was not found: org.openqa.selenium.NoSuchElementException: no such element: Unable to locate element: {&quot;method&quot;:&quot;xpath&quot;,&quot;selector&quot;:&quot;//a[@data-args=&#039;redirectReason=shipaddressselectChangeClicked&#039;]&quot;}.
(tried for 10 seconds with 500 milliseconds interval)
Build info: version: &#039;4.43.0&#039;, revision: &#039;dd0f534&#039;
System info: os.name: &#039;Windows 11&#039;, os.arch: &#039;amd64&#039;, os.version: &#039;10.0&#039;, java.version: &#039;21.0.11&#039;
Driver info: org.openqa.selenium.chrome.ChromeDriver
Capabilities {acceptInsecureCerts: false, browserName: chrome, browserVersion: 149.0.7827.55, chrome: {chromedriverVersion: 149.0.7827.155 (07b52360cc1..., userDataDir: C:\Users\anuna\AppData\Loca...}, fedcm:accounts: true, goog:chromeOptions: {debuggerAddress: localhost:59291}, goog:processID: 20324, networkConnectionEnabled: false, pageLoadStrategy: normal, platformName: windows, proxy: Proxy(), se:cdp: ws://localhost:59291/devtoo..., se:cdpVersion: 149.0.7827.55, setWindowRect: true, strictFileInteractability: false, timeouts: {implicit: 0, pageLoad: 300000, script: 30000}, unhandledPromptBehavior: dismiss and notify, webauthn:extension:credBlob: true, webauthn:extension:largeBlob: true, webauthn:extension:minPinLength: true, webauthn:extension:prf: true, webauthn:virtualAuthenticators: true}
Session ID: 64330590dd4b5e78df398ac1fba20baa" type="org.openqa.selenium.TimeoutException">
      <![CDATA[org.openqa.selenium.TimeoutException: Expected condition failed: waiting for element to be clickable, but the element was not found: org.openqa.selenium.NoSuchElementException: no such element: Unable to locate element: {"method":"xpath","selector":"//a[@data-args='redirectReason=shipaddressselectChangeClicked']"}.
(tried for 10 seconds with 500 milliseconds interval)
Build info: version: '4.43.0', revision: 'dd0f534'
System info: os.name: 'Windows 11', os.arch: 'amd64', os.version: '10.0', java.version: '21.0.11'
Driver info: org.openqa.selenium.chrome.ChromeDriver
Capabilities {acceptInsecureCerts: false, browserName: chrome, browserVersion: 149.0.7827.55, chrome: {chromedriverVersion: 149.0.7827.155 (07b52360cc1..., userDataDir: C:\Users\anuna\AppData\Loca...}, fedcm:accounts: true, goog:chromeOptions: {debuggerAddress: localhost:59291}, goog:processID: 20324, networkConnectionEnabled: false, pageLoadStrategy: normal, platformName: windows, proxy: Proxy(), se:cdp: ws://localhost:59291/devtoo..., se:cdpVersion: 149.0.7827.55, setWindowRect: true, strictFileInteractability: false, timeouts: {implicit: 0, pageLoad: 300000, script: 30000}, unhandledPromptBehavior: dismiss and notify, webauthn:extension:credBlob: true, webauthn:extension:largeBlob: true, webauthn:extension:minPinLength: true, webauthn:extension:prf: true, webauthn:virtualAuthenticators: true}
Session ID: 64330590dd4b5e78df398ac1fba20baa
at org.openqa.selenium.support.ui.WebDriverWait.timeoutException(WebDriverWait.java:85)
at org.openqa.selenium.support.ui.FluentWait.until(FluentWait.java:234)
at package1.AmazonApplication.CheckoutPage.clickOnChangeForAddress(CheckoutPage.java:38)
at package1.AmazonApplication.TC11_ValidatingCheckoutProcess.validateCheckoutProcess(TC11_ValidatingCheckoutProcess.java:61)
at java.base/jdk.internal.reflect.DirectMethodHandleAccessor.invoke(DirectMethodHandleAccessor.java:103)
at java.base/java.lang.reflect.Method.invoke(Method.java:580)
at org.testng.internal.invokers.MethodInvocationHelper.invokeMethod(MethodInvocationHelper.java:141)
at org.testng.internal.invokers.TestInvoker.invokeMethod(TestInvoker.java:686)
at org.testng.internal.invokers.TestInvoker.retryFailed(TestInvoker.java:269)
at org.testng.internal.invokers.MethodRunner.runInSequence(MethodRunner.java:76)
at org.testng.internal.invokers.TestInvoker$MethodInvocationAgent.invoke(TestInvoker.java:992)
at org.testng.internal.invokers.TestInvoker.invokeTestMethods(TestInvoker.java:203)
at org.testng.internal.invokers.TestMethodWorker.invokeTestMethods(TestMethodWorker.java:154)
at org.testng.internal.invokers.TestMethodWorker.run(TestMethodWorker.java:134)
at java.base/java.util.ArrayList.forEach(ArrayList.java:1596)
at org.testng.TestRunner.privateRun(TestRunner.java:739)
at org.testng.TestRunner.run(TestRunner.java:614)
at org.testng.SuiteRunner.runTest(SuiteRunner.java:421)
at org.testng.SuiteRunner.runSequentially(SuiteRunner.java:413)
at org.testng.SuiteRunner.privateRun(SuiteRunner.java:373)
at org.testng.SuiteRunner.run(SuiteRunner.java:312)
at org.testng.SuiteRunnerWorker.runSuite(SuiteRunnerWorker.java:52)
at org.testng.SuiteRunnerWorker.run(SuiteRunnerWorker.java:95)
at org.testng.TestNG.runSuitesSequentially(TestNG.java:1274)
at org.testng.TestNG.runSuitesLocally(TestNG.java:1208)
at org.testng.TestNG.runSuites(TestNG.java:1112)
at org.testng.TestNG.run(TestNG.java:1079)
at org.apache.maven.surefire.testng.TestNGExecutor.run(TestNGExecutor.java:308)
at org.apache.maven.surefire.testng.TestNGXmlTestSuite.execute(TestNGXmlTestSuite.java:71)
at org.apache.maven.surefire.testng.TestNGProvider.invoke(TestNGProvider.java:113)
at org.apache.maven.surefire.booter.ForkedBooter.runSuitesInProcess(ForkedBooter.java:385)
at org.apache.maven.surefire.booter.ForkedBooter.execute(ForkedBooter.java:162)
at org.apache.maven.surefire.booter.ForkedBooter.run(ForkedBooter.java:507)
at org.apache.maven.surefire.booter.ForkedBooter.main(ForkedBooter.java:495)
]]>
    </error>
    <system-out>
      <![CDATA[Browser Launched Successfully
Hoverover on Accounts and list is successful
Click on signin is successful
Username entered successfully
Click on continue button is successful
Password entered successfully
Click on submit is successful
Product search is successful
Click on add to cart is successful
Click on go to cart is successful
Click on Proceed to buy is successful]]>
    </system-out>
  </testcase> <!-- validateCheckoutProcess -->
  <system-out>
    <![CDATA[Browser Launched Successfully
Hoverover on Accounts and list is successful
Click on signin is successful
Username entered successfully
Click on continue button is successful
Password entered successfully
Click on submit is successful
Product search is successful
Click on add to cart is successful
Click on go to cart is successful
Click on Proceed to buy is successful
Click on Change to change the address is successful
Click on deliver to this address is successful
Click on Payment option is successful
Click on use this Payment method is successful
Browser Launched Successfully
Hoverover on Accounts and list is successful
Click on signin is successful
Username entered successfully
Click on continue button is successful
Password entered successfully
Click on submit is successful
Product search is successful
Click on add to cart is successful
Click on go to cart is successful
Click on Proceed to buy is successful
Browser Launched Successfully
Hoverover on Accounts and list is successful
Click on signin is successful
Username entered successfully
Click on continue button is successful
Password entered successfully
Click on submit is successful
Product search is successful
Click on add to cart is successful
Click on go to cart is successful
Click on Proceed to buy is successful]]>
  </system-out>
</testsuite> <!-- package1.AmazonApplication.TC11_ValidatingCheckoutProcess -->
