<?xml version="1.0" encoding="UTF-8"?>
<!-- Generated by org.testng.reporters.JUnitReportReporter -->
<testsuite hostname="NANDHINI" failures="0" tests="1" name="package1.AmazonApplication.TC04_EditUserProfileDetails" time="18.305" errors="0" timestamp="2026-06-18T11:04:12 IST" skipped="0">
  <testcase classname="package1.AmazonApplication.TC04_EditUserProfileDetails" name="editProfileInformation" time="18.305">
    <system-out>
      <![CDATA[Browser Launched Succesfully
Hoverover on Accounts and Lists is successful
Click on signin is successful
Username is entered successfully
Click on continue button is successful
Password is entered successfully
Click on submit button is successful
Hoverover on Accounts and Lists is successful
Click on Your account is successful
Click on Login and Security is successful
Click on name edit is successful
Entering new customer name is successful
Click on save changes button is successful]]>
    </system-out>
  </testcase> <!-- editProfileInformation -->
  <system-out>
    <![CDATA[Browser Launched Succesfully
Hoverover on Accounts and Lists is successful
Click on signin is successful
Username is entered successfully
Click on continue button is successful
Password is entered successfully
Click on submit button is successful
Hoverover on Accounts and Lists is successful
Click on Your account is successful
Click on Login and Security is successful
Click on name edit is successful
Entering new customer name is successful
Click on save changes button is successful]]>
  </system-out>
</testsuite> <!-- package1.AmazonApplication.TC04_EditUserProfileDetails -->
