<?xml version="1.0" encoding="UTF-8"?>
<!-- Generated by org.testng.reporters.JUnitReportReporter -->
<testsuite hostname="NANDHINI" failures="0" tests="1" name="package1.AmazonApplication.TC08_SortingProducts" time="12.511" errors="0" timestamp="2026-06-19T12:57:06 IST" skipped="0">
  <testcase classname="package1.AmazonApplication.TC08_SortingProducts" name="sortTheProducts" time="12.511">
    <system-out>
      <![CDATA[Browser Launched Successfully
Product name is searched successfully
Click on sort by option is successful
TestCase is Pass]]>
    </system-out>
  </testcase> <!-- sortTheProducts -->
  <system-out>
    <![CDATA[Browser Launched Successfully
Product name is entered successfully
Selected the price from filter
Browser Launched Successfully
Product name is entered successfully
Selected the price from filter
Testcase is pass
Browser Launched Successfully
Product name is searched successfully
Click on sort by option is successful
TestCase is Pass]]>
  </system-out>
</testsuite> <!-- package1.AmazonApplication.TC08_SortingProducts -->
