<?xml version="1.0" encoding="UTF-8"?>
<!-- Generated by org.testng.reporters.JUnitReportReporter -->
<testsuite hostname="NANDHINI" failures="0" tests="1" name="package1.AmazonApplication.TC15_ReachCartPageWithoutLogin" time="16.181" errors="0" timestamp="2026-06-22T12:18:02 IST" skipped="0">
  <testcase classname="package1.AmazonApplication.TC15_ReachCartPageWithoutLogin" name="goToCartWithoutLogin" time="16.181">
    <system-out>
      <![CDATA[Browser Launched Successfully
Product search is successfull
Click on add to cart is successful
Click on add to cart in popup is successful
Click on go to cart is successful
Testcase is Pass]]>
    </system-out>
  </testcase> <!-- goToCartWithoutLogin -->
  <system-out>
    <![CDATA[Browser Launched Successfully
Product search is successfull
Click on add to cart is successful
Click on add to cart in popup is successful
Click on go to cart is successful
Testcase is Pass]]>
  </system-out>
</testsuite> <!-- package1.AmazonApplication.TC15_ReachCartPageWithoutLogin -->
