<?xml version="1.0" encoding="UTF-8"?>
<!-- Generated by org.testng.reporters.JUnitReportReporter -->
<testsuite hostname="NANDHINI" failures="0" tests="1" name="package1.AmazonApplication.TC09_AddProductToCart" time="29.775" errors="0" timestamp="2026-06-19T18:14:17 IST" skipped="0">
  <testcase classname="package1.AmazonApplication.TC09_AddProductToCart" name="addToCart" time="29.775">
    <system-out>
      <![CDATA[Browser Launched Successfully
Search product is successful
Click on add to cart is successful
Click on add to cart in popup is successful
TestCase is pass]]>
    </system-out>
  </testcase> <!-- addToCart -->
  <system-out>
    <![CDATA[Browser Launched Successfully
Search product is successful
Click on add to cart is successful
Click on add to cart in popup is successful
TestCase is pass]]>
  </system-out>
</testsuite> <!-- package1.AmazonApplication.TC09_AddProductToCart -->
