<?xml version="1.0" encoding="UTF-8"?>
<!-- Generated by org.testng.reporters.JUnitReportReporter -->
<testsuite hostname="NANDHINI" failures="0" tests="1" name="package1.AmazonApplication.TC07_VerifyingDetailsInProductsPage" time="12.964" errors="0" timestamp="2026-06-18T16:13:53 IST" skipped="0">
  <testcase classname="package1.AmazonApplication.TC07_VerifyingDetailsInProductsPage" name="verifyingInfoProductsDetailsPage" time="12.964">
    <system-out>
      <![CDATA[Browser Launched Successfully
Product name is searched successfully
Clicked on first product is successful
Control is moved from parent to child window
TestCase is Pass]]>
    </system-out>
  </testcase> <!-- verifyingInfoProductsDetailsPage -->
  <system-out>
    <![CDATA[Browser Launched Successfully
Product name is searched successfully
Clicked on first product is successful
Control is moved from parent to child window
TestCase is Pass]]>
  </system-out>
</testsuite> <!-- package1.AmazonApplication.TC07_VerifyingDetailsInProductsPage -->
