<?xml version="1.0" encoding="UTF-8"?>
<!-- Generated by org.testng.reporters.JUnitReportReporter -->
<testsuite hostname="NANDHINI" failures="0" tests="1" name="package1.AmazonApplication.TC01_LoginToAmazon" time="22.041" errors="0" timestamp="2026-06-10T16:12:42 IST" skipped="0">
  <testcase classname="package1.AmazonApplication.TC01_LoginToAmazon" name="withValidCredential" time="22.041">
    <system-out>
      <![CDATA[Browser and URL launched Successfully
Hoverover Account and List is Successful
Click on Signin is Successful
Email id is entered Successfully
Browser and URL launched Successfully
Password is entered Successfully
Login is Successfully done
Testcase is pass]]>
    </system-out>
  </testcase> <!-- withValidCredential -->
  <system-out>
    <![CDATA[Browser and URL launched Successfully
Hoverover Account and List is Successful
Click on Signin is Successful
Email id is entered Successfully
Browser and URL launched Successfully
Password is entered Successfully
Login is Successfully done
Testcase is pass
Browser and URL launched Successfully
Hoverover Account and List is Successful
Click on Signin is Successful
Email id is entered Successfully
Browser and URL launched Successfully
Password is entered Successfully
Login is Successfully done
Hoverover Account and List is Successful
Click on Signout is Successful
Testcase is pass]]>
  </system-out>
</testsuite> <!-- package1.AmazonApplication.TC01_LoginToAmazon -->
