<?xml version="1.0" encoding="UTF-8"?>
<!-- Generated by org.testng.reporters.JUnitReportReporter -->
<testsuite hostname="NANDHINI" failures="0" tests="1" name="package1.AmazonApplication.TC03_FailingLoginToAmazon" time="14.944" errors="0" timestamp="2026-06-18T10:45:03 IST" skipped="0">
  <testcase classname="package1.AmazonApplication.TC03_FailingLoginToAmazon" name="withInvalidCredential" time="14.944">
    <system-out>
      <![CDATA[Browser Launched Successfully
Hoverover on Accounts and Lists successful
Click on Signin is successful
Username is entered successfully
Click on continue button is successful
Error message displayed
Test case Pass]]>
    </system-out>
  </testcase> <!-- withInvalidCredential -->
  <system-out>
    <![CDATA[Browser Launched Successfully
Hoverover on Accounts and Lists successful
Click on Signin is successful
Username is entered successfully
Click on continue button is successful
Error message displayed
Test case Pass]]>
  </system-out>
</testsuite> <!-- package1.AmazonApplication.TC03_FailingLoginToAmazon -->
