<?xml version="1.0" encoding="UTF-8"?>
<!-- Generated by org.testng.reporters.JUnitReportReporter -->
<testsuite hostname="NANDHINI" failures="0" tests="1" name="package1.AmazonApplication.TC12_ValidateSelectingPaymentOptions" time="31.991" errors="0" timestamp="2026-06-24T12:37:06 IST" skipped="0">
  <testcase classname="package1.AmazonApplication.TC12_ValidateSelectingPaymentOptions" name="selectingPaymentOptions" time="31.991">
    <system-out>
      <![CDATA[Browser Launched Successfully
Hoverover on Accounts and list is successful
Click on signin is successful
Username entered successfully
Click on continue button is successful
Password entered successfully
Click on submit is successful
Product search is successful
Click on add to cart is successful
Click on go to cart is successful
Click on Proceed to buy is successful]]>
    </system-out>
  </testcase> <!-- selectingPaymentOptions -->
  <system-out>
    <![CDATA[Browser Launched Successfully
Hoverover on Accounts and list is successful
Click on signin is successful
Username entered successfully
Click on continue button is successful
Password entered successfully
Click on submit is successful
Product search is successful
Click on add to cart is successful
Click on go to cart is successful
Click on Proceed to buy is successful]]>
  </system-out>
</testsuite> <!-- package1.AmazonApplication.TC12_ValidateSelectingPaymentOptions -->
