<?xml version="1.0" encoding="UTF-8"?>
<!-- Generated by org.testng.reporters.JUnitReportReporter -->
<testsuite hostname="NANDHINI" failures="0" tests="1" name="package1.AmazonApplication.TC10_UpdateAndDeleteItemsFromCart" time="17.141" errors="0" timestamp="2026-06-21T11:31:32 IST" skipped="0">
  <testcase classname="package1.AmazonApplication.TC10_UpdateAndDeleteItemsFromCart" name="updatingCart" time="17.141">
    <system-out>
      <![CDATA[Browser Launched Successfully
Product search is successful
Click on Add to cart is successful
Click on Add to cart in popup is successful
Click on cart icon is successfull
Click on Increment item is successful
Item update is successful
Click on delete option is successful
TestCase is Pass]]>
    </system-out>
  </testcase> <!-- updatingCart -->
  <system-out>
    <![CDATA[Browser Launched Successfully
Product search is successful
Click on Add to cart is successful
Click on Add to cart in popup is successful
Click on cart icon is successfull
Click on Increment item is successful
Item update is successful
Click on delete option is successful
TestCase is Pass]]>
  </system-out>
</testsuite> <!-- package1.AmazonApplication.TC10_UpdateAndDeleteItemsFromCart -->
