<?xml version="1.0" encoding="UTF-8"?>
<!-- Generated by org.testng.reporters.JUnitReportReporter -->
<testsuite hostname="NANDHINI" failures="0" tests="1" name="package1.AmazonApplication.TC05_SearchingProduct" time="10.364" errors="0" timestamp="2026-06-18T11:19:36 IST" skipped="0">
  <testcase classname="package1.AmazonApplication.TC05_SearchingProduct" name="searchingProduct" time="10.364">
    <system-out>
      <![CDATA[Browser and URL launched Successfully
Product name is entered successfully
Testcase is Pass]]>
    </system-out>
  </testcase> <!-- searchingProduct -->
  <system-out>
    <![CDATA[Browser and URL launched Successfully
Product name is entered successfully
Testcase is Pass]]>
  </system-out>
</testsuite> <!-- package1.AmazonApplication.TC05_SearchingProduct -->
